<?xml version="1.0" encoding="UTF-8"?>
<beans xmlns="http://www.springframework.org/schema/beans"
	xmlns:xsi="http://www.w3.org/2001/XMLSchema-instance"
	xmlns:p="http://www.springframework.org/schema/p"
	xmlns:context="http://www.springframework.org/schema/context"
	xmlns:tx="http://www.springframework.org/schema/tx"
	xsi:schemaLocation="http://www.springframework.org/schema/beans http://www.springframework.org/schema/beans/spring-beans-4.2.xsd
		http://www.springframework.org/schema/context http://www.springframework.org/schema/context/spring-context-4.2.xsd
		http://www.springframework.org/schema/tx http://www.springframework.org/schema/tx/spring-tx-2.5.xsd">
		
	<context:component-scan base-package="backend"/>
	<tx:annotation-driven transaction-manager="transactionManager" />
	
	<import resource="classpath:/spring-cfg/spring-beans.xml"/>
	<import resource="classpath:/spring-cfg/spring-jpa.xml"/>
	<import resource="classpath:/spring-cfg/spring-aop.xml"/>
	<!-- <import resource="spring-task-scheduler.xml"/> -->

	<bean id="sessionService" class="backend.integration.test.TestSessionService" />
	<bean id="loggingAppender" class="backend.common.log4j.TestLoggingAppender" />
   
	<!-- log4j config start -->
	<bean id="log4jAppender" class="java.lang.String" factory-method="valueOf">
		<constructor-arg value="CONSOLE"/>
	</bean>
	<bean id="log4jAppenderLEVEL" class="java.lang.String" factory-method="valueOf">
		<constructor-arg value="INFO"/>
	</bean>
	<!-- log4j config end -->
	
	<!-- email send config start -->
	<bean id="emailSmtpHost" class="java.lang.String" factory-method="valueOf">
		<constructor-arg value="mail.host.org"/>
	</bean>
	<bean id="emailDefaultFrom" class="java.lang.String" factory-method="valueOf">
		<constructor-arg value="default@from.pl"/>
	</bean>
	
	<bean id="emailMonitorRecivers" class="java.lang.String" factory-method="valueOf">
		<constructor-arg value="reciver@one.pl,reciver@two.pl"/>
	</bean>
	
	<bean id="emailErrors" class="java.lang.Boolean">
		<constructor-arg value="true"/>
	</bean>
	<!-- Emails end -->
	
</beans>
